<?xml version="1.0" encoding="UTF-8"?>
<coverage generated="1749956881">
  <project timestamp="1749956881" name="Clover Coverage">
    <package name="Revolution\Vercel\Console">
      <file name="/home/runner/work/laravel-vercel-installer/laravel-vercel-installer/src/Console/InstallCommand.php">
        <class name="Revolution\Vercel\Console\InstallCommand" namespace="Revolution\Vercel\Console">
          <metrics complexity="1" methods="1" coveredmethods="1" conditionals="0" coveredconditionals="0" statements="6" coveredstatements="6" elements="7" coveredelements="7"/>
        </class>
        <line num="29" type="method" name="handle" visibility="public" complexity="1" crap="1" count="1"/>
        <line num="31" type="stmt" count="1"/>
        <line num="32" type="stmt" count="1"/>
        <line num="33" type="stmt" count="1"/>
        <line num="34" type="stmt" count="1"/>
        <line num="36" type="stmt" count="1"/>
        <line num="38" type="stmt" count="1"/>
        <metrics loc="41" ncloc="28" classes="1" methods="1" coveredmethods="1" conditionals="0" coveredconditionals="0" statements="6" coveredstatements="6" elements="7" coveredelements="7"/>
      </file>
    </package>
    <package name="Revolution\Vercel">
      <file name="/home/runner/work/laravel-vercel-installer/laravel-vercel-installer/src/VercelInstallerServiceProvider.php">
        <class name="Revolution\Vercel\VercelInstallerServiceProvider" namespace="Revolution\Vercel">
          <metrics complexity="2" methods="1" coveredmethods="1" conditionals="0" coveredconditionals="0" statements="4" coveredstatements="4" elements="5" coveredelements="5"/>
        </class>
        <line num="12" type="method" name="boot" visibility="public" complexity="2" crap="2" count="1"/>
        <line num="14" type="stmt" count="1"/>
        <line num="15" type="stmt" count="1"/>
        <line num="16" type="stmt" count="1"/>
        <line num="17" type="stmt" count="1"/>
        <metrics loc="21" ncloc="21" classes="1" methods="1" coveredmethods="1" conditionals="0" coveredconditionals="0" statements="4" coveredstatements="4" elements="5" coveredelements="5"/>
      </file>
    </package>
    <metrics files="2" loc="62" ncloc="49" classes="2" methods="2" coveredmethods="2" conditionals="0" coveredconditionals="0" statements="10" coveredstatements="10" elements="12" coveredelements="12"/>
  </project>
</coverage>
